{"total": {"lines":{"total":67,"covered":63,"skipped":0,"pct":94.02},"statements":{"total":69,"covered":64,"skipped":0,"pct":92.75},"functions":{"total":8,"covered":7,"skipped":0,"pct":87.5},"branches":{"total":39,"covered":32,"skipped":0,"pct":82.05},"branchesTrue":{"total":0,"covered":0,"skipped":0,"pct":100}}
,"/home/nathangalung/documents/project/BYTZ/apps/auth-service/src/lib/sms.ts": {"lines":{"total":20,"covered":20,"skipped":0,"pct":100},"functions":{"total":2,"covered":2,"skipped":0,"pct":100},"statements":{"total":22,"covered":21,"skipped":0,"pct":95.45},"branches":{"total":20,"covered":16,"skipped":0,"pct":80}}
,"/home/nathangalung/documents/project/BYTZ/apps/auth-service/src/middleware/error-handler.ts": {"lines":{"total":7,"covered":7,"skipped":0,"pct":100},"functions":{"total":1,"covered":1,"skipped":0,"pct":100},"statements":{"total":7,"covered":7,"skipped":0,"pct":100},"branches":{"total":6,"covered":6,"skipped":0,"pct":100}}
,"/home/nathangalung/documents/project/BYTZ/apps/auth-service/src/middleware/rate-limit.ts": {"lines":{"total":30,"covered":26,"skipped":0,"pct":86.66},"functions":{"total":3,"covered":2,"skipped":0,"pct":66.66},"statements":{"total":30,"covered":26,"skipped":0,"pct":86.66},"branches":{"total":13,"covered":10,"skipped":0,"pct":76.92}}
,"/home/nathangalung/documents/project/BYTZ/apps/auth-service/src/routes/health.ts": {"lines":{"total":10,"covered":10,"skipped":0,"pct":100},"functions":{"total":2,"covered":2,"skipped":0,"pct":100},"statements":{"total":10,"covered":10,"skipped":0,"pct":100},"branches":{"total":0,"covered":0,"skipped":0,"pct":100}}
}
