TN:
SF:src/lib/sms.ts
FN:16,sendViaZenziva
FN:57,sendOtp
FNF:2
FNH:2
FNDA:5,sendViaZenziva
FNDA:8,sendOtp
DA:17,5
DA:18,5
DA:19,5
DA:21,5
DA:23,5
DA:24,5
DA:36,4
DA:43,4
DA:44,3
DA:47,1
DA:49,1
DA:58,8
DA:60,8
DA:61,5
DA:62,5
DA:63,2
DA:66,5
DA:67,4
DA:68,4
DA:71,1
LF:20
LH:20
BRDA:19,0,0,0
BRDA:19,0,1,5
BRDA:19,1,0,5
BRDA:19,1,1,5
BRDA:21,2,0,5
BRDA:21,2,1,0
BRDA:43,3,0,3
BRDA:43,3,1,1
BRDA:44,4,0,3
BRDA:44,4,1,1
BRDA:47,5,0,1
BRDA:47,5,1,0
BRDA:49,6,0,1
BRDA:49,6,1,0
BRDA:60,7,0,5
BRDA:60,7,1,3
BRDA:62,8,0,3
BRDA:62,8,1,2
BRDA:66,9,0,4
BRDA:66,9,1,1
BRF:20
BRH:16
end_of_record
TN:
SF:src/middleware/error-handler.ts
FN:7,errorHandler
FNF:1
FNH:1
FNDA:10,errorHandler
DA:5,1
DA:8,10
DA:10,10
DA:11,7
DA:15,7
DA:28,3
DA:30,3
LF:7
LH:7
BRDA:8,0,0,10
BRDA:8,0,1,9
BRDA:10,1,0,7
BRDA:10,1,1,3
BRDA:21,2,0,1
BRDA:21,2,1,6
BRF:6
BRH:6
end_of_record
TN:
SF:src/middleware/rate-limit.ts
FN:14,createRateLimiter
FN:18,(anonymous_1)
FN:32,rateLimitMiddleware
FNF:3
FNH:2
FNDA:10,createRateLimiter
FNDA:0,(anonymous_1)
FNDA:18,rateLimitMiddleware
DA:15,10
DA:18,10
DA:19,0
DA:20,0
DA:21,0
DA:22,0
DA:28,10
DA:29,10
DA:32,10
DA:34,18
DA:38,18
DA:39,18
DA:41,18
DA:42,9
DA:43,9
DA:44,9
DA:45,9
DA:46,9
DA:49,9
DA:51,9
DA:52,6
DA:53,6
DA:54,6
DA:55,6
DA:56,6
DA:68,3
DA:69,3
DA:70,3
DA:75,1
DA:81,1
LF:30
LH:26
BRDA:21,0,0,0
BRDA:21,0,1,0
BRDA:28,1,0,10
BRDA:28,1,1,0
BRDA:34,2,0,18
BRDA:34,2,1,13
BRDA:34,2,2,11
BRDA:41,3,0,9
BRDA:41,3,1,9
BRDA:41,4,0,18
BRDA:41,4,1,9
BRDA:51,5,0,6
BRDA:51,5,1,3
BRF:13
BRH:10
end_of_record
TN:
SF:src/routes/health.ts
FN:9,(anonymous_0)
FN:17,(anonymous_1)
FNF:2
FNH:2
FNDA:2,(anonymous_0)
FNDA:2,(anonymous_1)
DA:5,1
DA:7,1
DA:9,1
DA:10,2
DA:17,1
DA:18,2
DA:19,2
DA:20,2
DA:21,1
DA:23,1
LF:10
LH:10
BRF:0
BRH:0
end_of_record
