{"total": {"lines":{"total":337,"covered":310,"skipped":0,"pct":91.98},"statements":{"total":354,"covered":323,"skipped":0,"pct":91.24},"functions":{"total":65,"covered":63,"skipped":0,"pct":96.92},"branches":{"total":188,"covered":165,"skipped":0,"pct":87.76},"branchesTrue":{"total":0,"covered":0,"skipped":0,"pct":100}}
,"/home/nathangalung/documents/project/BYTZ/apps/project-service/src/lib/state-machine.ts": {"lines":{"total":29,"covered":25,"skipped":0,"pct":86.2},"functions":{"total":4,"covered":4,"skipped":0,"pct":100},"statements":{"total":29,"covered":25,"skipped":0,"pct":86.2},"branches":{"total":19,"covered":15,"skipped":0,"pct":78.94}}
,"/home/nathangalung/documents/project/BYTZ/apps/project-service/src/middleware/error-handler.ts": {"lines":{"total":7,"covered":7,"skipped":0,"pct":100},"functions":{"total":1,"covered":1,"skipped":0,"pct":100},"statements":{"total":7,"covered":7,"skipped":0,"pct":100},"branches":{"total":4,"covered":4,"skipped":0,"pct":100}}
,"/home/nathangalung/documents/project/BYTZ/apps/project-service/src/middleware/rate-limit.ts": {"lines":{"total":30,"covered":26,"skipped":0,"pct":86.66},"functions":{"total":3,"covered":2,"skipped":0,"pct":66.66},"statements":{"total":30,"covered":26,"skipped":0,"pct":86.66},"branches":{"total":13,"covered":10,"skipped":0,"pct":76.92}}
,"/home/nathangalung/documents/project/BYTZ/apps/project-service/src/middleware/session-cache.ts": {"lines":{"total":14,"covered":11,"skipped":0,"pct":78.57},"functions":{"total":4,"covered":3,"skipped":0,"pct":75},"statements":{"total":16,"covered":12,"skipped":0,"pct":75},"branches":{"total":6,"covered":4,"skipped":0,"pct":66.66}}
,"/home/nathangalung/documents/project/BYTZ/apps/project-service/src/middleware/session.ts": {"lines":{"total":24,"covered":24,"skipped":0,"pct":100},"functions":{"total":2,"covered":2,"skipped":0,"pct":100},"statements":{"total":24,"covered":24,"skipped":0,"pct":100},"branches":{"total":12,"covered":11,"skipped":0,"pct":91.66}}
,"/home/nathangalung/documents/project/BYTZ/apps/project-service/src/services/matching.service.ts": {"lines":{"total":45,"covered":45,"skipped":0,"pct":100},"functions":{"total":17,"covered":17,"skipped":0,"pct":100},"statements":{"total":53,"covered":52,"skipped":0,"pct":98.11},"branches":{"total":16,"covered":15,"skipped":0,"pct":93.75}}
,"/home/nathangalung/documents/project/BYTZ/apps/project-service/src/services/milestone.service.ts": {"lines":{"total":27,"covered":27,"skipped":0,"pct":100},"functions":{"total":5,"covered":5,"skipped":0,"pct":100},"statements":{"total":27,"covered":27,"skipped":0,"pct":100},"branches":{"total":24,"covered":24,"skipped":0,"pct":100}}
,"/home/nathangalung/documents/project/BYTZ/apps/project-service/src/services/outbox-worker.ts": {"lines":{"total":43,"covered":28,"skipped":0,"pct":65.11},"functions":{"total":6,"covered":6,"skipped":0,"pct":100},"statements":{"total":46,"covered":30,"skipped":0,"pct":65.21},"branches":{"total":16,"covered":7,"skipped":0,"pct":43.75}}
,"/home/nathangalung/documents/project/BYTZ/apps/project-service/src/services/project.service.ts": {"lines":{"total":40,"covered":40,"skipped":0,"pct":100},"functions":{"total":8,"covered":8,"skipped":0,"pct":100},"statements":{"total":40,"covered":40,"skipped":0,"pct":100},"branches":{"total":28,"covered":27,"skipped":0,"pct":96.42}}
,"/home/nathangalung/documents/project/BYTZ/apps/project-service/src/services/time-log.service.ts": {"lines":{"total":20,"covered":20,"skipped":0,"pct":100},"functions":{"total":6,"covered":6,"skipped":0,"pct":100},"statements":{"total":20,"covered":20,"skipped":0,"pct":100},"branches":{"total":18,"covered":18,"skipped":0,"pct":100}}
,"/home/nathangalung/documents/project/BYTZ/apps/project-service/src/services/work-package.service.ts": {"lines":{"total":58,"covered":57,"skipped":0,"pct":98.27},"functions":{"total":9,"covered":9,"skipped":0,"pct":100},"statements":{"total":62,"covered":60,"skipped":0,"pct":96.77},"branches":{"total":32,"covered":30,"skipped":0,"pct":93.75}}
}
