TN:
SF:src/lib/state-machine.ts
FN:217,getValidTransitions
FN:225,findTransitionEvent
FN:259,isValidTransition
FN:270,validateTransitionViaXState
FNF:4
FNH:4
FNDA:18,getValidTransitions
FNDA:80,findTransitionEvent
FNDA:53,isValidTransition
FNDA:21,validateTransitionViaXState
DA:29,4
DA:55,4
DA:77,4
DA:98,4
DA:218,18
DA:229,80
DA:230,80
DA:231,16
DA:234,64
DA:235,64
DA:236,0
DA:241,64
DA:242,80
DA:243,0
DA:246,64
DA:247,64
DA:248,85
DA:249,64
DA:253,0
DA:263,53
DA:274,21
DA:275,21
DA:276,9
DA:280,12
DA:282,12
DA:283,12
DA:288,12
DA:289,12
DA:292,0
LF:29
LH:25
BRDA:218,0,0,18
BRDA:218,0,1,0
BRDA:230,1,0,16
BRDA:230,1,1,64
BRDA:235,2,0,0
BRDA:235,2,1,64
BRDA:235,3,0,64
BRDA:235,3,1,64
BRDA:242,4,0,0
BRDA:242,4,1,80
BRDA:242,5,0,80
BRDA:242,5,1,64
BRDA:242,5,2,64
BRDA:248,6,0,64
BRDA:248,6,1,21
BRDA:275,7,0,9
BRDA:275,7,1,12
BRDA:288,8,0,12
BRDA:288,8,1,0
BRF:19
BRH:15
end_of_record
TN:
SF:src/middleware/error-handler.ts
FN:4,errorHandler
FNF:1
FNH:1
FNDA:11,errorHandler
DA:5,11
DA:6,6
DA:15,5
DA:16,5
DA:17,1
DA:19,4
DA:22,5
LF:7
LH:7
BRDA:5,0,0,6
BRDA:5,0,1,5
BRDA:16,1,0,1
BRDA:16,1,1,4
BRF:4
BRH:4
end_of_record
TN:
SF:src/middleware/rate-limit.ts
FN:14,createRateLimiter
FN:18,(anonymous_1)
FN:32,rateLimitMiddleware
FNF:3
FNH:2
FNDA:10,createRateLimiter
FNDA:0,(anonymous_1)
FNDA:18,rateLimitMiddleware
DA:15,10
DA:18,10
DA:19,0
DA:20,0
DA:21,0
DA:22,0
DA:28,10
DA:29,10
DA:32,10
DA:34,18
DA:38,18
DA:39,18
DA:41,18
DA:42,9
DA:43,9
DA:44,9
DA:45,9
DA:46,9
DA:49,9
DA:51,9
DA:52,6
DA:53,6
DA:54,6
DA:55,6
DA:56,6
DA:68,3
DA:69,3
DA:70,3
DA:75,1
DA:81,1
LF:30
LH:26
BRDA:21,0,0,0
BRDA:21,0,1,0
BRDA:28,1,0,10
BRDA:28,1,1,0
BRDA:34,2,0,18
BRDA:34,2,1,13
BRDA:34,2,2,11
BRDA:41,3,0,9
BRDA:41,3,1,9
BRDA:41,4,0,18
BRDA:41,4,1,9
BRDA:51,5,0,6
BRDA:51,5,1,3
BRF:13
BRH:10
end_of_record
TN:
SF:src/middleware/session-cache.ts
FN:6,getCachedSession
FN:16,setCachedSession
FN:20,clearSessionCache
FN:25,(anonymous_3)
FNF:4
FNH:3
FNDA:11,getCachedSession
FNDA:10,setCachedSession
FNDA:17,clearSessionCache
FNDA:0,(anonymous_3)
DA:3,1
DA:4,1
DA:7,11
DA:8,11
DA:9,7
DA:10,2
DA:11,2
DA:13,5
DA:17,10
DA:21,17
DA:25,1
DA:27,0
DA:28,0
DA:29,0
LF:14
LH:11
BRDA:8,0,0,4
BRDA:8,0,1,7
BRDA:9,1,0,2
BRDA:9,1,1,5
BRDA:29,2,0,0
BRDA:29,2,1,0
BRF:6
BRH:4
end_of_record
TN:
SF:src/middleware/session.ts
FN:14,getAuthUser
FN:23,sessionMiddleware
FNF:2
FNH:2
FNDA:5,getAuthUser
FNDA:6,sessionMiddleware
DA:15,5
DA:16,5
DA:17,3
DA:19,2
DA:24,6
DA:25,6
DA:26,1
DA:32,5
DA:33,5
DA:34,5
DA:35,5
DA:36,1
DA:37,1
DA:40,4
DA:41,6
DA:45,3
DA:46,1
DA:51,2
DA:52,2
DA:53,1
DA:58,1
DA:59,1
DA:60,1
DA:62,1
LF:24
LH:24
BRDA:16,0,0,3
BRDA:16,0,1,2
BRDA:25,1,0,1
BRDA:25,1,1,5
BRDA:35,2,0,1
BRDA:35,2,1,4
BRDA:40,3,0,4
BRDA:40,3,1,0
BRDA:45,4,0,1
BRDA:45,4,1,2
BRDA:52,5,0,1
BRDA:52,5,1,1
BRF:12
BRH:11
end_of_record
TN:
SF:src/services/matching.service.ts
FN:22,computeSkillMatch
FN:25,(anonymous_1)
FN:26,(anonymous_2)
FN:34,computePemerataanScore
FN:44,computeTrackRecord
FN:52,computeRatingScore
FN:57,scoreTalent
FN:97,(anonymous_7)
FN:99,(anonymous_8)
FN:111,(anonymous_9)
FN:123,(anonymous_10)
FN:133,(anonymous_11)
FN:134,(anonymous_12)
FN:138,(anonymous_13)
FN:140,(anonymous_14)
FN:141,(anonymous_15)
FN:145,(anonymous_16)
FNF:17
FNH:17
FNDA:49,computeSkillMatch
FNDA:51,(anonymous_1)
FNDA:53,(anonymous_2)
FNDA:49,computePemerataanScore
FNDA:49,computeTrackRecord
FNDA:49,computeRatingScore
FNDA:49,scoreTalent
FNDA:10,(anonymous_7)
FNDA:10,(anonymous_8)
FNDA:49,(anonymous_9)
FNDA:49,(anonymous_10)
FNDA:53,(anonymous_11)
FNDA:49,(anonymous_12)
FNDA:23,(anonymous_13)
FNDA:49,(anonymous_14)
FNDA:20,(anonymous_15)
FNDA:11,(anonymous_16)
DA:23,49
DA:25,51
DA:26,49
DA:27,53
DA:30,49
DA:39,49
DA:40,49
DA:45,49
DA:47,20
DA:48,20
DA:53,49
DA:54,11
DA:62,49
DA:63,49
DA:69,49
DA:70,49
DA:73,49
DA:80,49
DA:84,49
DA:97,10
DA:104,10
DA:106,10
DA:107,2
DA:111,49
DA:112,8
DA:115,8
DA:116,8
DA:117,51
DA:118,51
DA:119,51
DA:123,8
DA:124,49
DA:125,49
DA:129,8
DA:130,8
DA:133,53
DA:134,49
DA:138,23
DA:139,8
DA:140,49
DA:141,20
DA:143,8
DA:145,11
DA:147,8
DA:149,8
LF:45
LH:45
BRDA:23,0,0,0
BRDA:23,0,1,49
BRDA:45,1,0,29
BRDA:45,1,1,20
BRDA:53,2,0,38
BRDA:53,2,1,11
BRDA:80,3,0,29
BRDA:80,3,1,20
BRDA:101,4,0,10
BRDA:102,5,0,10
BRDA:106,6,0,2
BRDA:106,6,1,8
BRDA:117,7,0,51
BRDA:117,7,1,48
BRDA:124,8,0,49
BRDA:124,8,1,1
BRF:16
BRH:15
end_of_record
TN:
SF:src/services/milestone.service.ts
FN:29,(anonymous_0)
FN:34,(anonymous_1)
FN:43,(anonymous_2)
FN:51,(anonymous_3)
FN:73,(anonymous_4)
FNF:5
FNH:5
FNDA:29,(anonymous_0)
FNDA:2,(anonymous_1)
FNDA:2,(anonymous_2)
FNDA:4,(anonymous_3)
FNDA:26,(anonymous_4)
DA:6,3
DA:30,29
DA:31,29
DA:35,2
DA:36,2
DA:37,1
DA:40,1
DA:44,2
DA:45,2
DA:46,1
DA:48,1
DA:52,4
DA:53,4
DA:54,1
DA:57,3
DA:74,26
DA:75,26
DA:76,1
DA:79,25
DA:80,25
DA:82,25
DA:83,6
DA:90,19
DA:91,10
DA:92,4
DA:97,6
DA:100,9
LF:27
LH:27
BRDA:36,0,0,1
BRDA:36,0,1,1
BRDA:45,1,0,1
BRDA:45,1,1,1
BRDA:53,2,0,1
BRDA:53,2,1,3
BRDA:59,3,0,3
BRDA:59,3,1,3
BRDA:60,4,0,4
BRDA:60,4,1,3
BRDA:63,5,0,4
BRDA:63,5,1,2
BRDA:69,6,0,4
BRDA:69,6,1,3
BRDA:75,7,0,1
BRDA:75,7,1,25
BRDA:82,8,0,6
BRDA:82,8,1,19
BRDA:85,9,0,6
BRDA:85,9,1,3
BRDA:90,10,0,10
BRDA:90,10,1,9
BRDA:91,11,0,4
BRDA:91,11,1,6
BRF:24
BRH:24
end_of_record
TN:
SF:src/services/outbox-worker.ts
FN:11,connectNats
FN:22,pollAndPublish
FN:78,startOutboxProcessor
FN:83,(anonymous_3)
FN:93,(anonymous_4)
FN:100,stopOutboxProcessor
FNF:6
FNH:6
FNDA:2,connectNats
FNDA:2,pollAndPublish
FNDA:2,startOutboxProcessor
FNDA:2,(anonymous_3)
FNDA:2,(anonymous_4)
FNDA:3,stopOutboxProcessor
DA:7,1
DA:8,1
DA:9,1
DA:12,2
DA:13,2
DA:14,2
DA:15,2
DA:16,2
DA:18,0
DA:23,2
DA:25,2
DA:26,2
DA:33,2
DA:35,0
DA:37,0
DA:38,0
DA:39,0
DA:43,0
DA:48,0
DA:50,0
DA:51,0
DA:53,0
DA:55,0
DA:68,0
DA:75,0
DA:79,2
DA:80,2
DA:81,2
DA:83,2
DA:84,2
DA:85,2
DA:86,2
DA:87,2
DA:88,0
DA:91,0
DA:93,2
DA:97,2
DA:101,3
DA:102,3
DA:103,2
DA:104,2
DA:105,2
DA:107,3
LF:43
LH:28
BRDA:12,0,0,2
BRDA:12,0,1,2
BRDA:23,1,0,0
BRDA:23,1,1,2
BRDA:33,2,0,2
BRDA:33,2,1,0
BRDA:50,3,0,0
BRDA:50,3,1,0
BRDA:51,4,0,0
BRDA:51,4,1,0
BRDA:53,5,0,0
BRDA:53,5,1,0
BRDA:87,6,0,0
BRDA:87,6,1,2
BRDA:102,7,0,2
BRDA:102,7,1,1
BRF:16
BRH:7
end_of_record
TN:
SF:src/services/project.service.ts
FN:13,(anonymous_0)
FN:15,(anonymous_1)
FN:34,(anonymous_2)
FN:42,(anonymous_3)
FN:46,(anonymous_4)
FN:50,(anonymous_5)
FN:84,(anonymous_6)
FN:127,(anonymous_7)
FNF:8
FNH:8
FNDA:34,(anonymous_0)
FNDA:7,(anonymous_1)
FNDA:3,(anonymous_2)
FNDA:1,(anonymous_3)
FNDA:1,(anonymous_4)
FNDA:18,(anonymous_5)
FNDA:8,(anonymous_6)
FNDA:2,(anonymous_7)
DA:10,3
DA:13,34
DA:16,7
DA:17,3
DA:20,4
DA:35,3
DA:36,3
DA:37,2
DA:39,1
DA:43,1
DA:47,1
DA:56,18
DA:57,18
DA:58,1
DA:61,17
DA:64,17
DA:65,17
DA:66,9
DA:67,9
DA:75,8
DA:77,8
DA:78,1
DA:81,7
DA:100,8
DA:101,8
DA:102,1
DA:105,7
DA:106,7
DA:107,3
DA:113,4
DA:114,1
DA:115,1
DA:119,3
DA:120,3
DA:121,1
DA:124,2
DA:128,2
DA:129,2
DA:130,1
DA:133,1
LF:40
LH:40
BRDA:16,0,0,3
BRDA:16,0,1,4
BRDA:30,1,0,4
BRDA:30,1,1,4
BRDA:36,2,0,2
BRDA:36,2,1,1
BRDA:57,3,0,1
BRDA:57,3,1,17
BRDA:65,4,0,9
BRDA:65,4,1,8
BRDA:69,5,0,9
BRDA:69,5,1,5
BRDA:77,6,0,1
BRDA:77,6,1,7
BRDA:101,7,0,1
BRDA:101,7,1,7
BRDA:106,8,0,3
BRDA:106,8,1,4
BRDA:113,9,0,1
BRDA:113,9,1,3
BRDA:113,10,0,4
BRDA:113,10,1,1
BRDA:114,11,0,1
BRDA:114,11,1,0
BRDA:120,12,0,1
BRDA:120,12,1,2
BRDA:129,13,0,1
BRDA:129,13,1,1
BRF:28
BRH:27
end_of_record
TN:
SF:src/services/time-log.service.ts
FN:5,(anonymous_0)
FN:7,(anonymous_1)
FN:39,(anonymous_2)
FN:43,(anonymous_3)
FN:47,(anonymous_4)
FN:51,(anonymous_5)
FNF:6
FNH:6
FNDA:13,(anonymous_0)
FNDA:8,(anonymous_1)
FNDA:1,(anonymous_2)
FNDA:1,(anonymous_3)
FNDA:1,(anonymous_4)
FNDA:5,(anonymous_5)
DA:5,13
DA:15,8
DA:16,8
DA:19,8
DA:20,8
DA:21,4
DA:25,8
DA:26,3
DA:29,5
DA:40,1
DA:44,1
DA:48,1
DA:52,5
DA:53,5
DA:54,2
DA:56,3
DA:57,2
DA:60,1
DA:61,1
DA:63,1
LF:20
LH:20
BRDA:16,0,0,5
BRDA:16,0,1,3
BRDA:19,1,0,8
BRDA:19,1,1,7
BRDA:20,2,0,4
BRDA:20,2,1,4
BRDA:20,3,0,8
BRDA:20,3,1,5
BRDA:25,4,0,3
BRDA:25,4,1,5
BRDA:25,5,0,8
BRDA:25,5,1,5
BRDA:35,6,0,5
BRDA:35,6,1,4
BRDA:53,7,0,2
BRDA:53,7,1,3
BRDA:56,8,0,2
BRDA:56,8,1,1
BRF:18
BRH:18
end_of_record
TN:
SF:src/services/work-package.service.ts
FN:10,(anonymous_0)
FN:15,(anonymous_1)
FN:24,(anonymous_2)
FN:32,(anonymous_3)
FN:49,(anonymous_4)
FN:63,(anonymous_5)
FN:72,(anonymous_6)
FN:118,hasCycle
FN:145,(anonymous_8)
FNF:9
FNH:9
FNDA:17,(anonymous_0)
FNDA:2,(anonymous_1)
FNDA:2,(anonymous_2)
FNDA:1,(anonymous_3)
FNDA:2,(anonymous_4)
FNDA:2,(anonymous_5)
FNDA:8,(anonymous_6)
FNDA:11,hasCycle
FNDA:2,(anonymous_8)
DA:11,17
DA:12,17
DA:16,2
DA:17,2
DA:18,1
DA:21,1
DA:25,2
DA:26,2
DA:27,1
DA:29,1
DA:44,1
DA:45,1
DA:46,0
DA:49,2
DA:60,1
DA:64,2
DA:65,2
DA:66,1
DA:69,1
DA:78,8
DA:79,8
DA:80,1
DA:83,7
DA:84,7
DA:85,1
DA:89,6
DA:90,1
DA:94,5
DA:95,1
DA:99,4
DA:102,4
DA:103,4
DA:104,3
DA:105,3
DA:106,3
DA:110,4
DA:111,8
DA:112,8
DA:115,8
DA:116,8
DA:119,11
DA:120,9
DA:121,9
DA:122,9
DA:123,9
DA:124,7
DA:126,4
DA:127,4
DA:130,8
DA:131,4
DA:132,4
DA:133,4
DA:134,2
DA:138,2
DA:146,2
DA:147,2
DA:148,1
DA:151,1
LF:58
LH:57
BRDA:17,0,0,1
BRDA:17,0,1,1
BRDA:26,1,0,1
BRDA:26,1,1,1
BRDA:45,2,0,0
BRDA:45,2,1,1
BRDA:65,3,0,1
BRDA:65,3,1,1
BRDA:79,4,0,1
BRDA:79,4,1,7
BRDA:84,5,0,1
BRDA:84,5,1,6
BRDA:89,6,0,1
BRDA:89,6,1,5
BRDA:94,7,0,1
BRDA:94,7,1,4
BRDA:104,8,0,3
BRDA:104,8,1,3
BRDA:110,9,0,4
BRDA:110,9,1,4
BRDA:119,10,0,2
BRDA:119,10,1,9
BRDA:120,11,0,0
BRDA:120,11,1,9
BRDA:123,12,0,9
BRDA:123,12,1,2
BRDA:124,13,0,5
BRDA:124,13,1,2
BRDA:133,14,0,2
BRDA:133,14,1,2
BRDA:147,15,0,1
BRDA:147,15,1,1
BRF:32
BRH:30
end_of_record
