TN:
SF:src/constants.ts
FNF:0
FNH:0
DA:2,1
DA:10,1
DA:13,1
DA:20,1
DA:28,1
DA:34,1
DA:37,1
DA:40,1
DA:41,1
DA:44,1
DA:50,1
DA:53,1
DA:59,1
DA:65,1
DA:72,1
DA:78,1
DA:86,1
DA:94,1
DA:103,1
DA:112,1
DA:115,1
DA:116,1
DA:119,1
DA:120,1
DA:123,1
DA:124,1
DA:127,1
LF:27
LH:27
BRF:0
BRH:0
end_of_record
TN:
SF:src/enums.ts
FNF:0
FNH:0
DA:1,1
DA:7,1
DA:13,1
DA:22,1
DA:44,1
DA:51,1
DA:58,1
DA:66,1
DA:77,1
DA:85,1
DA:95,1
DA:101,1
DA:112,1
DA:120,1
DA:127,1
DA:139,1
DA:148,1
DA:156,1
DA:164,1
DA:173,1
DA:180,1
DA:186,1
DA:198,1
DA:207,1
DA:214,1
DA:221,1
DA:228,1
DA:235,1
DA:245,1
DA:253,1
DA:261,1
DA:266,1
DA:274,1
DA:282,1
DA:290,1
DA:296,1
DA:302,1
DA:312,1
DA:334,1
DA:344,1
DA:350,1
LF:41
LH:41
BRF:0
BRH:0
end_of_record
TN:
SF:src/errors.ts
FN:189,(anonymous_0)
FN:198,(anonymous_1)
FN:202,(anonymous_2)
FN:206,(anonymous_3)
FN:216,(anonymous_4)
FN:223,(anonymous_5)
FN:242,(anonymous_6)
FNF:7
FNH:7
FNDA:25,(anonymous_0)
FNDA:13,(anonymous_1)
FNDA:1,(anonymous_2)
FNDA:1,(anonymous_3)
FNDA:3,(anonymous_4)
FNDA:8,(anonymous_5)
FNDA:3,(anonymous_6)
DA:3,1
DA:71,1
DA:130,1
DA:190,25
DA:192,25
DA:194,25
DA:195,25
DA:199,13
DA:203,1
DA:207,1
DA:217,3
DA:218,3
DA:236,8
DA:237,8
DA:243,3
DA:244,3
LF:16
LH:16
BRDA:194,0,0,25
BRDA:194,0,1,17
BRDA:224,1,0,8
BRDA:243,2,0,2
BRDA:243,2,1,1
BRF:5
BRH:5
end_of_record
TN:
SF:src/schemas.ts
FN:11,(anonymous_0)
FN:25,(anonymous_1)
FNF:2
FNH:2
FNDA:1,(anonymous_0)
FNDA:1,(anonymous_1)
DA:4,1
DA:11,1
DA:12,1
DA:25,1
DA:26,1
DA:34,1
DA:53,1
DA:80,1
DA:85,1
DA:93,1
DA:99,1
DA:109,1
DA:116,1
DA:132,1
DA:140,1
DA:150,1
DA:157,1
DA:166,1
DA:175,1
LF:19
LH:19
BRF:0
BRH:0
end_of_record
